2020-09-06 13:52:48 INFO  cic.cs.unb.ca.jnetpcap.worker.TrafficFlowWorker    Pcap is listening...
2020-09-06 13:53:00 DEBUG cic.cs.unb.ca.jnetpcap.FlowGenerator    FlagFIN current has 27 flow
2020-09-06 13:53:00 DEBUG cic.cs.unb.ca.jnetpcap.FlowGenerator    FlagFIN current has 27 flow
2020-09-06 13:53:07 DEBUG cic.cs.unb.ca.jnetpcap.FlowGenerator    FlagFIN current has 59 flow
2020-09-06 13:53:07 DEBUG cic.cs.unb.ca.jnetpcap.FlowGenerator    FlagFIN current has 58 flow
2020-09-06 13:53:08 DEBUG cic.cs.unb.ca.jnetpcap.FlowGenerator    FlagFIN current has 59 flow
2020-09-06 13:53:09 DEBUG cic.cs.unb.ca.jnetpcap.FlowGenerator    FlagFIN current has 59 flow
2020-09-06 13:53:10 DEBUG cic.cs.unb.ca.jnetpcap.FlowGenerator    FlagFIN current has 59 flow
2020-09-06 13:53:10 DEBUG cic.cs.unb.ca.jnetpcap.FlowGenerator    FlagFIN current has 59 flow
2020-09-06 13:53:14 DEBUG cic.cs.unb.ca.jnetpcap.FlowGenerator    FlagFIN current has 71 flow
2020-09-06 13:53:14 DEBUG cic.cs.unb.ca.jnetpcap.FlowGenerator    FlagFIN current has 71 flow
2020-09-06 13:53:14 DEBUG cic.cs.unb.ca.jnetpcap.FlowGenerator    FlagFIN current has 71 flow
2020-09-06 13:53:18 DEBUG cic.cs.unb.ca.jnetpcap.FlowGenerator    FlagFIN current has 71 flow
2020-09-06 13:53:19 DEBUG cic.cs.unb.ca.jnetpcap.FlowGenerator    FlagFIN current has 72 flow
2020-09-06 13:53:22 DEBUG cic.cs.unb.ca.jnetpcap.FlowGenerator    FlagFIN current has 72 flow
2020-09-06 13:53:22 DEBUG cic.cs.unb.ca.jnetpcap.FlowGenerator    FlagFIN current has 72 flow
2020-09-06 13:53:23 DEBUG cic.cs.unb.ca.jnetpcap.FlowGenerator    FlagFIN current has 72 flow
2020-09-06 13:53:26 DEBUG cic.cs.unb.ca.jnetpcap.FlowGenerator    FlagFIN current has 72 flow
2020-09-06 13:53:26 DEBUG cic.cs.unb.ca.jnetpcap.FlowGenerator    FlagFIN current has 72 flow
2020-09-06 13:53:26 DEBUG cic.cs.unb.ca.jnetpcap.FlowGenerator    FlagFIN current has 72 flow
2020-09-06 13:53:26 DEBUG cic.cs.unb.ca.jnetpcap.FlowGenerator    FlagFIN current has 72 flow
2020-09-06 13:53:30 DEBUG cic.cs.unb.ca.jnetpcap.FlowGenerator    FlagFIN current has 72 flow
2020-09-06 13:53:30 DEBUG cic.cs.unb.ca.jnetpcap.FlowGenerator    FlagFIN current has 72 flow
2020-09-06 13:53:31 DEBUG cic.cs.unb.ca.jnetpcap.FlowGenerator    FlagFIN current has 72 flow
2020-09-06 13:54:01 DEBUG cic.cs.unb.ca.jnetpcap.FlowGenerator    FlagFIN current has 125 flow
2020-09-06 13:54:01 DEBUG cic.cs.unb.ca.jnetpcap.FlowGenerator    FlagFIN current has 125 flow
2020-09-06 13:54:01 DEBUG cic.cs.unb.ca.jnetpcap.FlowGenerator    FlagFIN current has 129 flow
2020-09-06 13:54:12 DEBUG cic.cs.unb.ca.jnetpcap.FlowGenerator    FlagFIN current has 149 flow
2020-09-06 13:54:14 DEBUG cic.cs.unb.ca.jnetpcap.FlowGenerator    FlagFIN current has 149 flow
2020-09-06 13:54:14 DEBUG cic.cs.unb.ca.jnetpcap.FlowGenerator    FlagFIN current has 149 flow
2020-09-06 13:54:14 DEBUG cic.cs.unb.ca.jnetpcap.FlowGenerator    FlagFIN current has 149 flow
2020-09-06 13:54:14 DEBUG cic.cs.unb.ca.jnetpcap.FlowGenerator    FlagFIN current has 149 flow
2020-09-06 13:54:14 DEBUG cic.cs.unb.ca.jnetpcap.FlowGenerator    FlagFIN current has 148 flow
2020-09-06 13:54:15 DEBUG cic.cs.unb.ca.jnetpcap.FlowGenerator    FlagFIN current has 149 flow
2020-09-06 13:54:15 DEBUG cic.cs.unb.ca.jnetpcap.FlowGenerator    FlagFIN current has 148 flow
2020-09-06 13:54:15 DEBUG cic.cs.unb.ca.jnetpcap.FlowGenerator    FlagFIN current has 147 flow
2020-09-06 13:54:15 DEBUG cic.cs.unb.ca.jnetpcap.FlowGenerator    FlagFIN current has 146 flow
2020-09-06 13:54:21 DEBUG cic.cs.unb.ca.jnetpcap.FlowGenerator    FlagFIN current has 172 flow
2020-09-06 13:54:21 DEBUG cic.cs.unb.ca.jnetpcap.FlowGenerator    FlagFIN current has 172 flow
2020-09-06 13:54:24 DEBUG cic.cs.unb.ca.jnetpcap.FlowGenerator    FlagFIN current has 173 flow
2020-09-06 13:54:37 DEBUG cic.cs.unb.ca.jnetpcap.FlowGenerator    FlagFIN current has 192 flow
2020-09-06 13:54:37 DEBUG cic.cs.unb.ca.jnetpcap.FlowGenerator    FlagFIN current has 191 flow
2020-09-06 13:54:37 DEBUG cic.cs.unb.ca.jnetpcap.FlowGenerator    FlagFIN current has 190 flow
2020-09-06 13:54:37 DEBUG cic.cs.unb.ca.jnetpcap.FlowGenerator    FlagFIN current has 189 flow
2020-09-06 13:54:37 DEBUG cic.cs.unb.ca.jnetpcap.FlowGenerator    FlagFIN current has 192 flow
2020-09-06 13:54:51 DEBUG cic.cs.unb.ca.jnetpcap.FlowGenerator    FlagFIN current has 207 flow
2020-09-06 13:54:51 DEBUG cic.cs.unb.ca.jnetpcap.FlowGenerator    FlagFIN current has 206 flow
2020-09-06 13:54:51 DEBUG cic.cs.unb.ca.jnetpcap.FlowGenerator    FlagFIN current has 205 flow
2020-09-06 13:54:51 DEBUG cic.cs.unb.ca.jnetpcap.FlowGenerator    FlagFIN current has 204 flow
2020-09-06 13:54:51 DEBUG cic.cs.unb.ca.jnetpcap.FlowGenerator    FlagFIN current has 203 flow
2020-09-06 13:55:01 DEBUG cic.cs.unb.ca.jnetpcap.FlowGenerator    FlagFIN current has 207 flow
2020-09-06 13:55:01 DEBUG cic.cs.unb.ca.jnetpcap.FlowGenerator    FlagFIN current has 206 flow
2020-09-06 13:55:03 DEBUG cic.cs.unb.ca.jnetpcap.FlowGenerator    FlagFIN current has 209 flow
2020-09-06 13:55:03 DEBUG cic.cs.unb.ca.jnetpcap.FlowGenerator    FlagFIN current has 208 flow
2020-09-06 13:55:03 DEBUG cic.cs.unb.ca.jnetpcap.FlowGenerator    FlagFIN current has 210 flow
2020-09-06 13:55:06 DEBUG cic.cs.unb.ca.jnetpcap.FlowGenerator    FlagFIN current has 219 flow
2020-09-06 13:55:06 DEBUG cic.cs.unb.ca.jnetpcap.FlowGenerator    FlagFIN current has 220 flow
2020-09-06 13:55:07 DEBUG cic.cs.unb.ca.jnetpcap.FlowGenerator    FlagFIN current has 234 flow
2020-09-06 13:55:07 DEBUG cic.cs.unb.ca.jnetpcap.FlowGenerator    FlagFIN current has 237 flow
2020-09-06 13:55:07 DEBUG cic.cs.unb.ca.jnetpcap.FlowGenerator    FlagFIN current has 237 flow
2020-09-06 13:55:08 DEBUG cic.cs.unb.ca.jnetpcap.FlowGenerator    FlagFIN current has 241 flow
2020-09-06 13:55:22 DEBUG cic.cs.unb.ca.jnetpcap.FlowGenerator    FlagFIN current has 253 flow
2020-09-06 13:55:25 DEBUG cic.cs.unb.ca.jnetpcap.FlowGenerator    FlagFIN current has 253 flow
2020-09-06 13:55:25 DEBUG cic.cs.unb.ca.jnetpcap.FlowGenerator    FlagFIN current has 253 flow
2020-09-06 13:55:25 DEBUG cic.cs.unb.ca.jnetpcap.FlowGenerator    FlagFIN current has 252 flow
2020-09-06 13:55:25 DEBUG cic.cs.unb.ca.jnetpcap.FlowGenerator    FlagFIN current has 251 flow
2020-09-06 13:55:25 DEBUG cic.cs.unb.ca.jnetpcap.FlowGenerator    FlagFIN current has 250 flow
2020-09-06 13:55:25 DEBUG cic.cs.unb.ca.jnetpcap.FlowGenerator    FlagFIN current has 249 flow
2020-09-06 13:55:25 DEBUG cic.cs.unb.ca.jnetpcap.FlowGenerator    FlagFIN current has 249 flow
2020-09-06 13:55:26 DEBUG cic.cs.unb.ca.jnetpcap.FlowGenerator    FlagFIN current has 253 flow
2020-09-06 13:55:34 DEBUG cic.cs.unb.ca.jnetpcap.FlowGenerator    FlagFIN current has 253 flow
2020-09-06 13:55:34 DEBUG cic.cs.unb.ca.jnetpcap.FlowGenerator    FlagFIN current has 253 flow
2020-09-06 13:55:34 DEBUG cic.cs.unb.ca.jnetpcap.FlowGenerator    FlagFIN current has 253 flow
2020-09-06 13:55:34 DEBUG cic.cs.unb.ca.jnetpcap.FlowGenerator    FlagFIN current has 253 flow
2020-09-06 13:55:40 DEBUG cic.cs.unb.ca.jnetpcap.FlowGenerator    FlagFIN current has 253 flow
2020-09-06 13:55:40 DEBUG cic.cs.unb.ca.jnetpcap.FlowGenerator    FlagFIN current has 252 flow
2020-09-06 13:55:45 DEBUG cic.cs.unb.ca.jnetpcap.FlowGenerator    FlagFIN current has 253 flow
2020-09-06 13:55:47 DEBUG cic.cs.unb.ca.jnetpcap.FlowGenerator    FlagFIN current has 253 flow
2020-09-06 13:56:04 DEBUG cic.cs.unb.ca.jnetpcap.FlowGenerator    FlagFIN current has 263 flow
2020-09-06 13:56:05 DEBUG cic.cs.unb.ca.jnetpcap.FlowGenerator    FlagFIN current has 265 flow
2020-09-06 13:56:07 DEBUG cic.cs.unb.ca.jnetpcap.FlowGenerator    FlagFIN current has 266 flow
2020-09-06 13:56:12 DEBUG cic.cs.unb.ca.jnetpcap.FlowGenerator    FlagFIN current has 269 flow
2020-09-06 13:56:12 DEBUG cic.cs.unb.ca.jnetpcap.FlowGenerator    FlagFIN current has 269 flow
2020-09-06 13:56:15 DEBUG cic.cs.unb.ca.jnetpcap.FlowGenerator    FlagFIN current has 269 flow
2020-09-06 13:56:21 DEBUG cic.cs.unb.ca.jnetpcap.FlowGenerator    FlagFIN current has 270 flow
2020-09-06 13:56:24 DEBUG cic.cs.unb.ca.jnetpcap.FlowGenerator    FlagFIN current has 270 flow
2020-09-06 13:56:24 DEBUG cic.cs.unb.ca.jnetpcap.FlowGenerator    FlagFIN current has 270 flow
2020-09-06 13:56:24 DEBUG cic.cs.unb.ca.jnetpcap.FlowGenerator    FlagFIN current has 269 flow
2020-09-06 13:56:24 DEBUG cic.cs.unb.ca.jnetpcap.FlowGenerator    FlagFIN current has 268 flow
2020-09-06 13:56:24 DEBUG cic.cs.unb.ca.jnetpcap.FlowGenerator    FlagFIN current has 267 flow
2020-09-06 13:56:24 DEBUG cic.cs.unb.ca.jnetpcap.FlowGenerator    FlagFIN current has 266 flow
2020-09-06 13:56:24 DEBUG cic.cs.unb.ca.jnetpcap.FlowGenerator    FlagFIN current has 267 flow
2020-09-06 13:56:24 DEBUG cic.cs.unb.ca.jnetpcap.FlowGenerator    FlagFIN current has 268 flow
2020-09-06 13:56:24 DEBUG cic.cs.unb.ca.jnetpcap.FlowGenerator    FlagFIN current has 269 flow
2020-09-06 13:56:24 DEBUG cic.cs.unb.ca.jnetpcap.FlowGenerator    FlagFIN current has 270 flow
2020-09-06 13:56:24 DEBUG cic.cs.unb.ca.jnetpcap.FlowGenerator    FlagFIN current has 270 flow
2020-09-06 13:56:27 DEBUG cic.cs.unb.ca.jnetpcap.FlowGenerator    FlagFIN current has 270 flow
2020-09-06 13:56:27 DEBUG cic.cs.unb.ca.jnetpcap.FlowGenerator    FlagFIN current has 270 flow
2020-09-06 13:56:27 DEBUG cic.cs.unb.ca.jnetpcap.FlowGenerator    FlagFIN current has 270 flow
2020-09-06 13:56:27 DEBUG cic.cs.unb.ca.jnetpcap.FlowGenerator    FlagFIN current has 271 flow
2020-09-06 13:56:27 DEBUG cic.cs.unb.ca.jnetpcap.FlowGenerator    FlagFIN current has 271 flow
2020-09-06 13:56:27 DEBUG cic.cs.unb.ca.jnetpcap.FlowGenerator    FlagFIN current has 271 flow
2020-09-06 13:56:38 DEBUG cic.cs.unb.ca.jnetpcap.FlowGenerator    FlagFIN current has 274 flow
2020-09-06 13:56:53 DEBUG cic.cs.unb.ca.jnetpcap.FlowGenerator    FlagFIN current has 285 flow
2020-09-06 13:56:53 DEBUG cic.cs.unb.ca.jnetpcap.FlowGenerator    FlagFIN current has 284 flow
2020-09-06 13:56:54 DEBUG cic.cs.unb.ca.jnetpcap.FlowGenerator    FlagFIN current has 289 flow
2020-09-06 13:56:54 DEBUG cic.cs.unb.ca.jnetpcap.FlowGenerator    FlagFIN current has 289 flow
2020-09-06 13:57:09 DEBUG cic.cs.unb.ca.jnetpcap.FlowGenerator    FlagFIN current has 294 flow
2020-09-06 13:57:09 DEBUG cic.cs.unb.ca.jnetpcap.FlowGenerator    FlagFIN current has 294 flow
2020-09-06 13:57:09 DEBUG cic.cs.unb.ca.jnetpcap.FlowGenerator    FlagFIN current has 295 flow
2020-09-06 13:57:09 DEBUG cic.cs.unb.ca.jnetpcap.FlowGenerator    FlagFIN current has 295 flow
2020-09-06 13:57:09 DEBUG cic.cs.unb.ca.jnetpcap.FlowGenerator    FlagFIN current has 295 flow
2020-09-06 13:57:09 DEBUG cic.cs.unb.ca.jnetpcap.FlowGenerator    FlagFIN current has 295 flow
2020-09-06 13:57:09 DEBUG cic.cs.unb.ca.jnetpcap.FlowGenerator    FlagFIN current has 296 flow
2020-09-06 13:57:09 DEBUG cic.cs.unb.ca.jnetpcap.FlowGenerator    FlagFIN current has 296 flow
2020-09-06 13:57:09 DEBUG cic.cs.unb.ca.jnetpcap.FlowGenerator    FlagFIN current has 296 flow
2020-09-06 13:57:09 DEBUG cic.cs.unb.ca.jnetpcap.FlowGenerator    FlagFIN current has 295 flow
2020-09-06 13:57:09 DEBUG cic.cs.unb.ca.jnetpcap.FlowGenerator    FlagFIN current has 296 flow
2020-09-06 13:57:09 DEBUG cic.cs.unb.ca.jnetpcap.FlowGenerator    FlagFIN current has 295 flow
2020-09-06 13:57:21 DEBUG cic.cs.unb.ca.jnetpcap.FlowGenerator    FlagFIN current has 296 flow
2020-09-06 13:57:21 DEBUG cic.cs.unb.ca.jnetpcap.FlowGenerator    FlagFIN current has 296 flow
2020-09-06 13:57:21 DEBUG cic.cs.unb.ca.jnetpcap.FlowGenerator    FlagFIN current has 299 flow
2020-09-06 13:57:26 DEBUG cic.cs.unb.ca.jnetpcap.FlowGenerator    FlagFIN current has 313 flow
2020-09-06 13:57:26 DEBUG cic.cs.unb.ca.jnetpcap.FlowGenerator    FlagFIN current has 312 flow
2020-09-06 13:57:26 DEBUG cic.cs.unb.ca.jnetpcap.FlowGenerator    FlagFIN current has 314 flow
2020-09-06 13:57:29 DEBUG cic.cs.unb.ca.jnetpcap.FlowGenerator    FlagFIN current has 316 flow
2020-09-06 13:57:35 DEBUG cic.cs.unb.ca.jnetpcap.FlowGenerator    FlagFIN current has 321 flow
2020-09-06 13:57:35 DEBUG cic.cs.unb.ca.jnetpcap.FlowGenerator    FlagFIN current has 321 flow
2020-09-06 13:57:41 DEBUG cic.cs.unb.ca.jnetpcap.FlowGenerator    FlagFIN current has 326 flow
2020-09-06 13:57:41 DEBUG cic.cs.unb.ca.jnetpcap.FlowGenerator    FlagFIN current has 326 flow
2020-09-06 13:57:44 DEBUG cic.cs.unb.ca.jnetpcap.FlowGenerator    FlagFIN current has 327 flow
2020-09-06 13:57:44 DEBUG cic.cs.unb.ca.jnetpcap.FlowGenerator    FlagFIN current has 327 flow
2020-09-06 13:57:44 DEBUG cic.cs.unb.ca.jnetpcap.FlowGenerator    FlagFIN current has 327 flow
2020-09-06 13:57:47 DEBUG cic.cs.unb.ca.jnetpcap.FlowGenerator    FlagFIN current has 327 flow
2020-09-06 13:57:48 DEBUG cic.cs.unb.ca.jnetpcap.FlowGenerator    FlagFIN current has 336 flow
2020-09-06 13:57:59 DEBUG cic.cs.unb.ca.jnetpcap.FlowGenerator    FlagFIN current has 339 flow
2020-09-06 13:57:59 DEBUG cic.cs.unb.ca.jnetpcap.FlowGenerator    FlagFIN current has 339 flow
2020-09-06 13:57:59 DEBUG cic.cs.unb.ca.jnetpcap.FlowGenerator    FlagFIN current has 339 flow
2020-09-06 13:58:03 DEBUG cic.cs.unb.ca.jnetpcap.FlowGenerator    FlagFIN current has 339 flow
2020-09-06 13:58:03 DEBUG cic.cs.unb.ca.jnetpcap.FlowGenerator    FlagFIN current has 339 flow
2020-09-06 13:58:05 DEBUG cic.cs.unb.ca.jnetpcap.FlowGenerator    FlagFIN current has 339 flow
2020-09-06 13:58:09 DEBUG cic.cs.unb.ca.jnetpcap.FlowGenerator    FlagFIN current has 339 flow
2020-09-06 13:58:09 DEBUG cic.cs.unb.ca.jnetpcap.FlowGenerator    FlagFIN current has 339 flow
2020-09-06 13:58:30 DEBUG cic.cs.unb.ca.jnetpcap.FlowGenerator    FlagFIN current has 340 flow
2020-09-06 13:58:30 DEBUG cic.cs.unb.ca.jnetpcap.FlowGenerator    FlagFIN current has 340 flow
2020-09-06 13:58:30 DEBUG cic.cs.unb.ca.jnetpcap.FlowGenerator    FlagFIN current has 343 flow
2020-09-06 13:58:35 DEBUG cic.cs.unb.ca.jnetpcap.FlowGenerator    FlagFIN current has 343 flow
2020-09-06 13:58:49 DEBUG cic.cs.unb.ca.jnetpcap.FlowGenerator    FlagFIN current has 344 flow
2020-09-06 13:58:49 DEBUG cic.cs.unb.ca.jnetpcap.FlowGenerator    FlagFIN current has 344 flow
2020-09-06 13:58:50 DEBUG cic.cs.unb.ca.jnetpcap.FlowGenerator    FlagFIN current has 344 flow
2020-09-06 13:58:50 DEBUG cic.cs.unb.ca.jnetpcap.FlowGenerator    FlagFIN current has 344 flow
2020-09-06 13:58:50 DEBUG cic.cs.unb.ca.jnetpcap.FlowGenerator    FlagFIN current has 345 flow
2020-09-06 13:58:50 DEBUG cic.cs.unb.ca.jnetpcap.FlowGenerator    FlagFIN current has 345 flow
2020-09-06 13:58:50 DEBUG cic.cs.unb.ca.jnetpcap.FlowGenerator    FlagFIN current has 345 flow
2020-09-06 13:58:50 DEBUG cic.cs.unb.ca.jnetpcap.FlowGenerator    FlagFIN current has 354 flow
2020-09-06 13:59:05 DEBUG cic.cs.unb.ca.jnetpcap.FlowGenerator    FlagFIN current has 355 flow
2020-09-06 13:59:08 DEBUG cic.cs.unb.ca.jnetpcap.FlowGenerator    FlagFIN current has 358 flow
2020-09-06 13:59:10 INFO  cic.cs.unb.ca.flow.ui.FlowMonitorPane    Pcap stop listening
2020-09-06 13:59:10 INFO  cic.cs.unb.ca.flow.ui.FlowMonitorPane    path:/home/hubbleloo/Desktop/CICFlowMeter/data/daily/2020-09-06_Flow.csv
2020-09-06 13:59:23 DEBUG cic.cs.unb.ca.jnetpcap.worker.TrafficFlowWorker    break Packet loop
2020-09-06 14:06:32 INFO  cic.cs.unb.ca.jnetpcap.worker.TrafficFlowWorker    Pcap is listening...
2020-09-06 14:06:48 DEBUG cic.cs.unb.ca.jnetpcap.FlowGenerator    FlagFIN current has 10 flow
2020-09-06 14:06:48 DEBUG cic.cs.unb.ca.jnetpcap.FlowGenerator    FlagFIN current has 11 flow
2020-09-06 14:06:55 DEBUG cic.cs.unb.ca.jnetpcap.FlowGenerator    FlagFIN current has 39 flow
2020-09-06 14:06:55 DEBUG cic.cs.unb.ca.jnetpcap.FlowGenerator    FlagFIN current has 39 flow
2020-09-06 14:07:06 DEBUG cic.cs.unb.ca.jnetpcap.FlowGenerator    FlagFIN current has 52 flow
2020-09-06 14:07:06 DEBUG cic.cs.unb.ca.jnetpcap.FlowGenerator    FlagFIN current has 52 flow
2020-09-06 14:08:29 DEBUG cic.cs.unb.ca.jnetpcap.FlowGenerator    FlagFIN current has 55 flow
2020-09-06 14:08:29 DEBUG cic.cs.unb.ca.jnetpcap.FlowGenerator    FlagFIN current has 55 flow
2020-09-06 14:08:29 DEBUG cic.cs.unb.ca.jnetpcap.FlowGenerator    FlagFIN current has 55 flow
2020-09-06 14:08:29 DEBUG cic.cs.unb.ca.jnetpcap.FlowGenerator    FlagFIN current has 56 flow
2020-09-06 14:09:30 DEBUG cic.cs.unb.ca.jnetpcap.FlowGenerator    FlagFIN current has 61 flow
2020-09-06 14:09:53 INFO  cic.cs.unb.ca.jnetpcap.worker.TrafficFlowWorker    Pcap is listening...
2020-09-06 14:10:16 DEBUG cic.cs.unb.ca.jnetpcap.FlowGenerator    FlagFIN current has 96 flow
2020-09-06 14:10:27 DEBUG cic.cs.unb.ca.jnetpcap.FlowGenerator    FlagFIN current has 96 flow
2020-09-06 14:10:57 DEBUG cic.cs.unb.ca.jnetpcap.FlowGenerator    FlagFIN current has 99 flow
2020-09-06 14:10:57 DEBUG cic.cs.unb.ca.jnetpcap.FlowGenerator    FlagFIN current has 98 flow
2020-09-06 14:11:04 DEBUG cic.cs.unb.ca.jnetpcap.FlowGenerator    FlagFIN current has 106 flow
2020-09-06 14:11:04 DEBUG cic.cs.unb.ca.jnetpcap.FlowGenerator    FlagFIN current has 106 flow
2020-09-06 14:11:12 DEBUG cic.cs.unb.ca.jnetpcap.FlowGenerator    FlagFIN current has 106 flow
2020-09-06 14:11:12 DEBUG cic.cs.unb.ca.jnetpcap.FlowGenerator    FlagFIN current has 106 flow
2020-09-06 14:12:14 DEBUG cic.cs.unb.ca.jnetpcap.FlowGenerator    FlagFIN current has 106 flow
2020-09-06 14:12:14 DEBUG cic.cs.unb.ca.jnetpcap.FlowGenerator    FlagFIN current has 106 flow
2020-09-06 14:12:14 DEBUG cic.cs.unb.ca.jnetpcap.FlowGenerator    FlagFIN current has 106 flow
2020-09-06 14:12:14 DEBUG cic.cs.unb.ca.jnetpcap.FlowGenerator    FlagFIN current has 106 flow
2020-09-06 14:12:14 DEBUG cic.cs.unb.ca.jnetpcap.FlowGenerator    FlagFIN current has 106 flow
2020-09-06 14:12:14 DEBUG cic.cs.unb.ca.jnetpcap.FlowGenerator    FlagFIN current has 105 flow
2020-09-06 14:12:14 DEBUG cic.cs.unb.ca.jnetpcap.FlowGenerator    FlagFIN current has 104 flow
2020-09-06 14:12:14 DEBUG cic.cs.unb.ca.jnetpcap.FlowGenerator    FlagFIN current has 103 flow
2020-09-06 14:12:14 DEBUG cic.cs.unb.ca.jnetpcap.FlowGenerator    FlagFIN current has 102 flow
2020-09-06 14:12:14 DEBUG cic.cs.unb.ca.jnetpcap.FlowGenerator    FlagFIN current has 101 flow
2020-09-06 14:12:14 DEBUG cic.cs.unb.ca.jnetpcap.FlowGenerator    FlagFIN current has 109 flow
2020-09-06 14:12:14 DEBUG cic.cs.unb.ca.jnetpcap.FlowGenerator    FlagFIN current has 109 flow
2020-09-06 14:13:16 DEBUG cic.cs.unb.ca.jnetpcap.FlowGenerator    FlagFIN current has 109 flow
2020-09-06 14:13:16 DEBUG cic.cs.unb.ca.jnetpcap.FlowGenerator    FlagFIN current has 110 flow
2020-09-06 14:13:16 DEBUG cic.cs.unb.ca.jnetpcap.FlowGenerator    FlagFIN current has 110 flow
2020-09-06 14:13:41 DEBUG cic.cs.unb.ca.jnetpcap.FlowGenerator    FlagFIN current has 124 flow
2020-09-06 14:13:41 DEBUG cic.cs.unb.ca.jnetpcap.FlowGenerator    FlagFIN current has 124 flow
2020-09-06 14:14:11 DEBUG cic.cs.unb.ca.jnetpcap.FlowGenerator    FlagFIN current has 124 flow
2020-09-06 14:14:12 DEBUG cic.cs.unb.ca.jnetpcap.FlowGenerator    FlagFIN current has 124 flow
2020-09-06 14:14:12 DEBUG cic.cs.unb.ca.jnetpcap.FlowGenerator    FlagFIN current has 123 flow
2020-09-06 14:14:26 DEBUG cic.cs.unb.ca.jnetpcap.FlowGenerator    FlagFIN current has 127 flow
2020-09-06 14:14:56 INFO  cic.cs.unb.ca.jnetpcap.worker.TrafficFlowWorker    Pcap is listening...
2020-09-06 14:17:34 INFO  cic.cs.unb.ca.jnetpcap.worker.TrafficFlowWorker    Pcap is listening...
2020-09-06 14:17:49 INFO  cic.cs.unb.ca.jnetpcap.worker.TrafficFlowWorker    Pcap is listening...
2020-09-06 14:20:33 INFO  cic.cs.unb.ca.jnetpcap.worker.TrafficFlowWorker    Pcap is listening...
2020-09-06 14:20:48 DEBUG cic.cs.unb.ca.jnetpcap.FlowGenerator    FlagFIN current has 10 flow
2020-09-06 14:20:58 DEBUG cic.cs.unb.ca.jnetpcap.FlowGenerator    FlagFIN current has 60 flow
2020-09-06 14:20:58 DEBUG cic.cs.unb.ca.jnetpcap.FlowGenerator    FlagFIN current has 60 flow
2020-09-06 14:21:03 DEBUG cic.cs.unb.ca.jnetpcap.FlowGenerator    FlagFIN current has 60 flow
2020-09-06 14:21:03 DEBUG cic.cs.unb.ca.jnetpcap.FlowGenerator    FlagFIN current has 60 flow
2020-09-06 14:21:03 DEBUG cic.cs.unb.ca.jnetpcap.FlowGenerator    FlagFIN current has 63 flow
2020-09-06 14:21:03 DEBUG cic.cs.unb.ca.jnetpcap.FlowGenerator    FlagFIN current has 63 flow
2020-09-06 14:21:03 DEBUG cic.cs.unb.ca.jnetpcap.FlowGenerator    FlagFIN current has 65 flow
2020-09-06 14:21:03 DEBUG cic.cs.unb.ca.jnetpcap.FlowGenerator    FlagFIN current has 66 flow
2020-09-06 14:21:06 DEBUG cic.cs.unb.ca.jnetpcap.FlowGenerator    FlagFIN current has 67 flow
2020-09-06 14:21:15 DEBUG cic.cs.unb.ca.jnetpcap.FlowGenerator    FlagFIN current has 81 flow
2020-09-06 14:21:17 DEBUG cic.cs.unb.ca.jnetpcap.FlowGenerator    FlagFIN current has 84 flow
2020-09-06 14:21:18 DEBUG cic.cs.unb.ca.jnetpcap.FlowGenerator    FlagFIN current has 100 flow
2020-09-06 14:21:18 DEBUG cic.cs.unb.ca.jnetpcap.FlowGenerator    FlagFIN current has 99 flow
2020-09-06 14:21:18 DEBUG cic.cs.unb.ca.jnetpcap.FlowGenerator    FlagFIN current has 98 flow
2020-09-06 14:21:18 DEBUG cic.cs.unb.ca.jnetpcap.FlowGenerator    FlagFIN current has 97 flow
2020-09-06 14:21:18 DEBUG cic.cs.unb.ca.jnetpcap.FlowGenerator    FlagFIN current has 96 flow
2020-09-06 14:21:18 DEBUG cic.cs.unb.ca.jnetpcap.FlowGenerator    FlagFIN current has 100 flow
2020-09-06 14:21:21 DEBUG cic.cs.unb.ca.jnetpcap.FlowGenerator    FlagFIN current has 112 flow
2020-09-06 14:21:21 DEBUG cic.cs.unb.ca.jnetpcap.FlowGenerator    FlagFIN current has 114 flow
2020-09-06 14:22:47 INFO  cic.cs.unb.ca.jnetpcap.worker.TrafficFlowWorker    Pcap is listening...
2020-09-06 14:31:09 INFO  cic.cs.unb.ca.flow.ui.FlowMonitorPane    run1
2020-09-06 14:31:09 DEBUG cic.cs.unb.ca.ifm.App    
2020-09-06 14:31:09 INFO  cic.cs.unb.ca.jnetpcap.worker.TrafficFlowWorker    Pcap is listening...
2020-09-06 14:38:23 INFO  cic.cs.unb.ca.flow.ui.FlowMonitorPane    run1
2020-09-06 14:38:23 INFO  cic.cs.unb.ca.ifm.App    run
2020-09-06 14:38:23 INFO  cic.cs.unb.ca.jnetpcap.worker.TrafficFlowWorker    Pcap is listening...
2020-09-06 14:38:46 DEBUG cic.cs.unb.ca.jnetpcap.FlowGenerator    FlagFIN current has 18 flow
2020-09-06 14:38:46 DEBUG cic.cs.unb.ca.jnetpcap.FlowGenerator    FlagFIN current has 18 flow
2020-09-06 14:38:46 DEBUG cic.cs.unb.ca.jnetpcap.FlowGenerator    FlagFIN current has 48 flow
2020-09-06 14:39:07 DEBUG cic.cs.unb.ca.jnetpcap.FlowGenerator    FlagFIN current has 53 flow
2020-09-06 14:39:08 DEBUG cic.cs.unb.ca.jnetpcap.FlowGenerator    FlagFIN current has 56 flow
2020-09-06 14:39:08 DEBUG cic.cs.unb.ca.jnetpcap.FlowGenerator    FlagFIN current has 58 flow
2020-09-06 14:39:08 DEBUG cic.cs.unb.ca.jnetpcap.FlowGenerator    FlagFIN current has 58 flow
2020-09-06 14:39:08 DEBUG cic.cs.unb.ca.jnetpcap.FlowGenerator    FlagFIN current has 58 flow
2020-09-06 14:39:08 DEBUG cic.cs.unb.ca.jnetpcap.FlowGenerator    FlagFIN current has 67 flow
2020-09-06 14:39:08 DEBUG cic.cs.unb.ca.jnetpcap.FlowGenerator    FlagFIN current has 67 flow
2020-09-06 14:39:08 DEBUG cic.cs.unb.ca.jnetpcap.FlowGenerator    FlagFIN current has 67 flow
2020-09-06 14:39:08 DEBUG cic.cs.unb.ca.jnetpcap.FlowGenerator    FlagFIN current has 67 flow
2020-09-06 14:39:10 DEBUG cic.cs.unb.ca.jnetpcap.FlowGenerator    FlagFIN current has 69 flow
2020-09-06 14:39:10 DEBUG cic.cs.unb.ca.jnetpcap.FlowGenerator    FlagFIN current has 73 flow
2020-09-06 14:39:10 DEBUG cic.cs.unb.ca.jnetpcap.FlowGenerator    FlagFIN current has 73 flow
2020-09-06 14:39:11 DEBUG cic.cs.unb.ca.jnetpcap.FlowGenerator    FlagFIN current has 86 flow
2020-09-06 14:39:18 DEBUG cic.cs.unb.ca.jnetpcap.FlowGenerator    FlagFIN current has 86 flow
2020-09-06 20:48:13 INFO  cic.cs.unb.ca.flow.ui.FlowMonitorPane    run1
2020-09-06 20:48:13 INFO  cic.cs.unb.ca.ifm.App    run
2020-09-06 20:48:13 INFO  cic.cs.unb.ca.jnetpcap.worker.TrafficFlowWorker    Pcap is listening...
2020-09-06 20:49:06 DEBUG cic.cs.unb.ca.jnetpcap.FlowGenerator    FlagFIN current has 15 flow
2020-09-06 20:49:06 DEBUG cic.cs.unb.ca.jnetpcap.FlowGenerator    FlagFIN current has 25 flow
2020-09-06 20:49:52 DEBUG cic.cs.unb.ca.jnetpcap.FlowGenerator    FlagFIN current has 33 flow
2020-09-06 20:49:52 DEBUG cic.cs.unb.ca.jnetpcap.FlowGenerator    FlagFIN current has 36 flow
2020-09-06 20:50:38 DEBUG cic.cs.unb.ca.jnetpcap.FlowGenerator    FlagFIN current has 37 flow
2020-09-06 20:50:38 DEBUG cic.cs.unb.ca.jnetpcap.FlowGenerator    FlagFIN current has 37 flow
2020-09-06 20:51:46 DEBUG cic.cs.unb.ca.jnetpcap.FlowGenerator    FlagFIN current has 77 flow
2020-09-06 20:51:57 DEBUG cic.cs.unb.ca.jnetpcap.FlowGenerator    FlagFIN current has 77 flow
2020-09-06 20:51:57 DEBUG cic.cs.unb.ca.jnetpcap.FlowGenerator    FlagFIN current has 77 flow
2020-09-06 20:51:57 DEBUG cic.cs.unb.ca.jnetpcap.FlowGenerator    FlagFIN current has 77 flow
2020-09-06 20:51:57 DEBUG cic.cs.unb.ca.jnetpcap.FlowGenerator    FlagFIN current has 77 flow
2020-09-06 20:52:33 DEBUG cic.cs.unb.ca.jnetpcap.FlowGenerator    FlagFIN current has 84 flow
2020-09-06 20:53:53 DEBUG cic.cs.unb.ca.jnetpcap.FlowGenerator    FlagFIN current has 117 flow
2020-09-06 20:53:53 DEBUG cic.cs.unb.ca.jnetpcap.FlowGenerator    FlagFIN current has 116 flow
2020-09-06 20:54:42 DEBUG cic.cs.unb.ca.jnetpcap.FlowGenerator    FlagFIN current has 122 flow
2020-09-06 20:54:42 DEBUG cic.cs.unb.ca.jnetpcap.FlowGenerator    FlagFIN current has 122 flow
2020-09-06 20:54:42 DEBUG cic.cs.unb.ca.jnetpcap.FlowGenerator    FlagFIN current has 122 flow
2020-09-06 20:54:42 DEBUG cic.cs.unb.ca.jnetpcap.FlowGenerator    FlagFIN current has 122 flow
2020-09-06 20:54:42 DEBUG cic.cs.unb.ca.jnetpcap.FlowGenerator    FlagFIN current has 122 flow
2020-09-06 20:54:42 DEBUG cic.cs.unb.ca.jnetpcap.FlowGenerator    FlagFIN current has 121 flow
2020-09-06 20:54:42 DEBUG cic.cs.unb.ca.jnetpcap.FlowGenerator    FlagFIN current has 121 flow
2020-09-06 20:54:42 DEBUG cic.cs.unb.ca.jnetpcap.FlowGenerator    FlagFIN current has 122 flow
2020-09-06 20:54:42 DEBUG cic.cs.unb.ca.jnetpcap.FlowGenerator    FlagFIN current has 122 flow
2020-09-06 21:00:43 INFO  cic.cs.unb.ca.flow.ui.FlowMonitorPane    run1
2020-09-06 21:00:44 INFO  cic.cs.unb.ca.ifm.App    run
2020-09-06 21:00:44 INFO  cic.cs.unb.ca.jnetpcap.worker.TrafficFlowWorker    Pcap is listening...
2020-09-06 21:01:06 DEBUG cic.cs.unb.ca.jnetpcap.FlowGenerator    FlagFIN current has 1 flow
2020-09-06 21:02:06 DEBUG cic.cs.unb.ca.jnetpcap.FlowGenerator    FlagFIN current has 24 flow
2020-09-06 21:02:06 DEBUG cic.cs.unb.ca.jnetpcap.FlowGenerator    FlagFIN current has 23 flow
2020-09-06 21:02:06 DEBUG cic.cs.unb.ca.jnetpcap.FlowGenerator    FlagFIN current has 28 flow
2020-09-06 21:02:06 DEBUG cic.cs.unb.ca.jnetpcap.FlowGenerator    FlagFIN current has 29 flow
2020-09-06 21:02:06 DEBUG cic.cs.unb.ca.jnetpcap.FlowGenerator    FlagFIN current has 29 flow
2020-09-06 21:02:06 DEBUG cic.cs.unb.ca.jnetpcap.FlowGenerator    FlagFIN current has 29 flow
2020-09-06 21:02:06 DEBUG cic.cs.unb.ca.jnetpcap.FlowGenerator    FlagFIN current has 29 flow
2020-09-06 21:02:41 DEBUG cic.cs.unb.ca.jnetpcap.FlowGenerator    FlagFIN current has 34 flow
2020-09-06 21:03:49 INFO  cic.cs.unb.ca.flow.ui.FlowMonitorPane    run1
2020-09-06 21:03:49 INFO  cic.cs.unb.ca.ifm.App    run
2020-09-06 21:03:49 INFO  cic.cs.unb.ca.jnetpcap.worker.TrafficFlowWorker    Pcap is listening...
2020-09-06 21:04:08 DEBUG cic.cs.unb.ca.jnetpcap.FlowGenerator    FlagFIN current has 80 flow
2020-09-06 21:04:08 DEBUG cic.cs.unb.ca.jnetpcap.FlowGenerator    FlagFIN current has 79 flow
2020-09-06 21:04:08 DEBUG cic.cs.unb.ca.jnetpcap.FlowGenerator    FlagFIN current has 79 flow
2020-09-06 21:04:08 DEBUG cic.cs.unb.ca.jnetpcap.FlowGenerator    FlagFIN current has 80 flow
2020-09-06 21:04:19 DEBUG cic.cs.unb.ca.jnetpcap.FlowGenerator    FlagFIN current has 92 flow
2020-09-06 21:04:19 DEBUG cic.cs.unb.ca.jnetpcap.FlowGenerator    FlagFIN current has 92 flow
2020-09-06 21:04:19 DEBUG cic.cs.unb.ca.jnetpcap.FlowGenerator    FlagFIN current has 92 flow
2020-09-06 21:04:40 INFO  cic.cs.unb.ca.flow.ui.FlowMonitorPane    Pcap stop listening
2020-09-06 21:04:40 INFO  cic.cs.unb.ca.flow.ui.FlowMonitorPane    path:/home/hubbleloo/Desktop/CICFlowMeter/data/daily/2020-09-06_Flow.csv
2020-09-06 21:04:42 DEBUG cic.cs.unb.ca.jnetpcap.worker.TrafficFlowWorker    break Packet loop
2020-09-06 21:05:40 INFO  cic.cs.unb.ca.flow.ui.FlowMonitorPane    run1
2020-09-06 21:05:40 INFO  cic.cs.unb.ca.ifm.App    run
2020-09-06 21:05:40 INFO  cic.cs.unb.ca.jnetpcap.worker.TrafficFlowWorker    Pcap is listening...
2020-09-06 21:05:53 DEBUG cic.cs.unb.ca.jnetpcap.FlowGenerator    FlagFIN current has 12 flow
2020-09-06 21:05:53 DEBUG cic.cs.unb.ca.jnetpcap.FlowGenerator    FlagFIN current has 12 flow
2020-09-06 21:05:53 DEBUG cic.cs.unb.ca.jnetpcap.FlowGenerator    FlagFIN current has 12 flow
2020-09-06 21:05:53 DEBUG cic.cs.unb.ca.jnetpcap.FlowGenerator    FlagFIN current has 14 flow
2020-09-06 21:05:54 DEBUG cic.cs.unb.ca.jnetpcap.FlowGenerator    FlagFIN current has 65 flow
2020-09-06 21:05:54 DEBUG cic.cs.unb.ca.jnetpcap.FlowGenerator    FlagFIN current has 65 flow
2020-09-06 21:05:54 DEBUG cic.cs.unb.ca.jnetpcap.FlowGenerator    FlagFIN current has 73 flow
2020-09-06 21:05:54 DEBUG cic.cs.unb.ca.jnetpcap.FlowGenerator    FlagFIN current has 77 flow
2020-09-06 21:05:54 DEBUG cic.cs.unb.ca.jnetpcap.FlowGenerator    FlagFIN current has 76 flow
2020-09-06 21:05:55 DEBUG cic.cs.unb.ca.jnetpcap.FlowGenerator    FlagFIN current has 84 flow
2020-09-06 21:05:55 DEBUG cic.cs.unb.ca.jnetpcap.FlowGenerator    FlagFIN current has 84 flow
2020-09-06 21:05:55 DEBUG cic.cs.unb.ca.jnetpcap.FlowGenerator    FlagFIN current has 90 flow
2020-09-06 21:06:00 DEBUG cic.cs.unb.ca.jnetpcap.FlowGenerator    FlagFIN current has 128 flow
2020-09-06 21:06:00 DEBUG cic.cs.unb.ca.jnetpcap.FlowGenerator    FlagFIN current has 127 flow
2020-09-06 21:06:00 DEBUG cic.cs.unb.ca.jnetpcap.FlowGenerator    FlagFIN current has 126 flow
2020-09-06 21:06:00 DEBUG cic.cs.unb.ca.jnetpcap.FlowGenerator    FlagFIN current has 128 flow
2020-09-06 21:06:00 DEBUG cic.cs.unb.ca.jnetpcap.FlowGenerator    FlagFIN current has 128 flow
2020-09-06 21:06:00 DEBUG cic.cs.unb.ca.jnetpcap.FlowGenerator    FlagFIN current has 128 flow
2020-09-06 21:06:00 DEBUG cic.cs.unb.ca.jnetpcap.FlowGenerator    FlagFIN current has 129 flow
2020-09-06 21:06:56 DEBUG cic.cs.unb.ca.jnetpcap.FlowGenerator    FlagFIN current has 134 flow
2020-09-06 21:06:56 DEBUG cic.cs.unb.ca.jnetpcap.FlowGenerator    FlagFIN current has 134 flow
2020-09-06 21:06:56 DEBUG cic.cs.unb.ca.jnetpcap.FlowGenerator    FlagFIN current has 133 flow
2020-09-06 21:06:56 DEBUG cic.cs.unb.ca.jnetpcap.FlowGenerator    FlagFIN current has 134 flow
2020-09-06 21:06:56 DEBUG cic.cs.unb.ca.jnetpcap.FlowGenerator    FlagFIN current has 134 flow
2020-09-06 21:06:56 DEBUG cic.cs.unb.ca.jnetpcap.FlowGenerator    FlagFIN current has 137 flow
2020-09-06 21:06:56 DEBUG cic.cs.unb.ca.jnetpcap.FlowGenerator    FlagFIN current has 137 flow
2020-09-06 21:06:56 DEBUG cic.cs.unb.ca.jnetpcap.FlowGenerator    FlagFIN current has 160 flow
2020-09-06 21:06:56 DEBUG cic.cs.unb.ca.jnetpcap.FlowGenerator    FlagFIN current has 160 flow
2020-09-06 21:06:56 DEBUG cic.cs.unb.ca.jnetpcap.FlowGenerator    FlagFIN current has 164 flow
2020-09-06 21:06:56 DEBUG cic.cs.unb.ca.jnetpcap.FlowGenerator    FlagFIN current has 164 flow
2020-09-06 21:06:56 DEBUG cic.cs.unb.ca.jnetpcap.FlowGenerator    FlagFIN current has 164 flow
2020-09-06 21:06:56 DEBUG cic.cs.unb.ca.jnetpcap.FlowGenerator    FlagFIN current has 164 flow
2020-09-06 21:06:56 DEBUG cic.cs.unb.ca.jnetpcap.FlowGenerator    FlagFIN current has 164 flow
2020-09-06 21:06:56 DEBUG cic.cs.unb.ca.jnetpcap.FlowGenerator    FlagFIN current has 164 flow
2020-09-06 21:06:56 DEBUG cic.cs.unb.ca.jnetpcap.FlowGenerator    FlagFIN current has 164 flow
2020-09-06 21:06:56 DEBUG cic.cs.unb.ca.jnetpcap.FlowGenerator    FlagFIN current has 163 flow
2020-09-06 21:06:56 DEBUG cic.cs.unb.ca.jnetpcap.FlowGenerator    FlagFIN current has 164 flow
2020-09-06 21:06:56 DEBUG cic.cs.unb.ca.jnetpcap.FlowGenerator    FlagFIN current has 164 flow
2020-09-06 21:07:07 DEBUG cic.cs.unb.ca.jnetpcap.FlowGenerator    FlagFIN current has 164 flow
2020-09-06 21:07:07 DEBUG cic.cs.unb.ca.jnetpcap.FlowGenerator    FlagFIN current has 164 flow
2020-09-06 21:07:07 DEBUG cic.cs.unb.ca.jnetpcap.FlowGenerator    FlagFIN current has 164 flow
2020-09-06 21:07:07 DEBUG cic.cs.unb.ca.jnetpcap.FlowGenerator    FlagFIN current has 164 flow
2020-09-06 21:07:07 DEBUG cic.cs.unb.ca.jnetpcap.FlowGenerator    FlagFIN current has 164 flow
2020-09-06 21:07:07 DEBUG cic.cs.unb.ca.jnetpcap.FlowGenerator    FlagFIN current has 164 flow
2020-09-06 21:07:07 DEBUG cic.cs.unb.ca.jnetpcap.FlowGenerator    FlagFIN current has 164 flow
2020-09-06 21:07:07 DEBUG cic.cs.unb.ca.jnetpcap.FlowGenerator    FlagFIN current has 164 flow
2020-09-06 21:07:07 DEBUG cic.cs.unb.ca.jnetpcap.FlowGenerator    FlagFIN current has 164 flow
2020-09-06 21:07:07 DEBUG cic.cs.unb.ca.jnetpcap.FlowGenerator    FlagFIN current has 163 flow
2020-09-06 21:07:35 DEBUG cic.cs.unb.ca.jnetpcap.FlowGenerator    FlagFIN current has 177 flow
2020-09-06 21:07:35 DEBUG cic.cs.unb.ca.jnetpcap.FlowGenerator    FlagFIN current has 177 flow
2020-09-06 21:07:35 DEBUG cic.cs.unb.ca.jnetpcap.FlowGenerator    FlagFIN current has 177 flow
2020-09-06 21:07:35 DEBUG cic.cs.unb.ca.jnetpcap.FlowGenerator    FlagFIN current has 177 flow
2020-09-06 21:07:55 DEBUG cic.cs.unb.ca.jnetpcap.FlowGenerator    FlagFIN current has 178 flow
2020-09-06 21:07:55 DEBUG cic.cs.unb.ca.jnetpcap.FlowGenerator    FlagFIN current has 182 flow
2020-09-06 21:07:55 DEBUG cic.cs.unb.ca.jnetpcap.FlowGenerator    FlagFIN current has 181 flow
2020-09-06 21:08:10 DEBUG cic.cs.unb.ca.jnetpcap.FlowGenerator    FlagFIN current has 186 flow
2020-09-06 21:08:10 DEBUG cic.cs.unb.ca.jnetpcap.FlowGenerator    FlagFIN current has 186 flow
2020-09-06 21:08:10 DEBUG cic.cs.unb.ca.jnetpcap.FlowGenerator    FlagFIN current has 186 flow
2020-09-06 21:08:10 DEBUG cic.cs.unb.ca.jnetpcap.FlowGenerator    FlagFIN current has 186 flow
2020-09-06 21:08:10 DEBUG cic.cs.unb.ca.jnetpcap.FlowGenerator    FlagFIN current has 186 flow
2020-09-06 21:08:10 DEBUG cic.cs.unb.ca.jnetpcap.FlowGenerator    FlagFIN current has 186 flow
2020-09-06 21:08:10 DEBUG cic.cs.unb.ca.jnetpcap.FlowGenerator    FlagFIN current has 186 flow
2020-09-06 21:08:15 DEBUG cic.cs.unb.ca.jnetpcap.FlowGenerator    FlagFIN current has 188 flow
2020-09-06 21:08:31 DEBUG cic.cs.unb.ca.jnetpcap.FlowGenerator    FlagFIN current has 189 flow
2020-09-06 21:11:38 INFO  cic.cs.unb.ca.flow.ui.FlowMonitorPane    run1
2020-09-06 21:11:38 INFO  cic.cs.unb.ca.ifm.App    run
2020-09-06 21:11:38 INFO  cic.cs.unb.ca.jnetpcap.worker.TrafficFlowWorker    Pcap is listening...
2020-09-06 21:11:52 DEBUG cic.cs.unb.ca.jnetpcap.FlowGenerator    FlagFIN current has 13 flow
2020-09-06 21:11:52 DEBUG cic.cs.unb.ca.jnetpcap.FlowGenerator    FlagFIN current has 13 flow
2020-09-06 21:12:04 DEBUG cic.cs.unb.ca.jnetpcap.FlowGenerator    FlagFIN current has 14 flow
2020-09-06 21:12:04 DEBUG cic.cs.unb.ca.jnetpcap.FlowGenerator    FlagFIN current has 13 flow
2020-09-06 21:12:04 DEBUG cic.cs.unb.ca.jnetpcap.FlowGenerator    FlagFIN current has 12 flow
2020-09-06 21:12:04 DEBUG cic.cs.unb.ca.jnetpcap.FlowGenerator    FlagFIN current has 11 flow
2020-09-06 21:12:04 DEBUG cic.cs.unb.ca.jnetpcap.FlowGenerator    FlagFIN current has 14 flow
2020-09-06 21:12:04 DEBUG cic.cs.unb.ca.jnetpcap.FlowGenerator    FlagFIN current has 15 flow
2020-09-06 21:12:04 DEBUG cic.cs.unb.ca.jnetpcap.FlowGenerator    FlagFIN current has 15 flow
2020-09-06 21:12:07 DEBUG cic.cs.unb.ca.jnetpcap.FlowGenerator    FlagFIN current has 24 flow
2020-09-06 21:12:07 DEBUG cic.cs.unb.ca.jnetpcap.FlowGenerator    FlagFIN current has 26 flow
2020-09-06 21:12:07 DEBUG cic.cs.unb.ca.jnetpcap.FlowGenerator    FlagFIN current has 26 flow
2020-09-06 21:12:07 DEBUG cic.cs.unb.ca.jnetpcap.FlowGenerator    FlagFIN current has 27 flow
2020-09-06 21:12:18 DEBUG cic.cs.unb.ca.jnetpcap.FlowGenerator    FlagFIN current has 53 flow
2020-09-06 21:12:33 DEBUG cic.cs.unb.ca.jnetpcap.FlowGenerator    FlagFIN current has 61 flow
2020-09-06 21:12:33 DEBUG cic.cs.unb.ca.jnetpcap.FlowGenerator    FlagFIN current has 61 flow
2020-09-06 21:12:33 DEBUG cic.cs.unb.ca.jnetpcap.FlowGenerator    FlagFIN current has 61 flow
2020-09-06 21:12:33 DEBUG cic.cs.unb.ca.jnetpcap.FlowGenerator    FlagFIN current has 61 flow
2020-09-06 21:12:46 DEBUG cic.cs.unb.ca.jnetpcap.FlowGenerator    FlagFIN current has 61 flow
2020-09-06 21:12:46 DEBUG cic.cs.unb.ca.jnetpcap.FlowGenerator    FlagFIN current has 61 flow
2020-09-06 21:12:46 DEBUG cic.cs.unb.ca.jnetpcap.FlowGenerator    FlagFIN current has 64 flow
2020-09-06 21:12:48 DEBUG cic.cs.unb.ca.jnetpcap.FlowGenerator    FlagFIN current has 74 flow
2020-09-06 21:12:48 DEBUG cic.cs.unb.ca.jnetpcap.FlowGenerator    FlagFIN current has 75 flow
2020-09-06 21:12:51 DEBUG cic.cs.unb.ca.jnetpcap.FlowGenerator    FlagFIN current has 75 flow
2020-09-06 21:12:54 DEBUG cic.cs.unb.ca.jnetpcap.FlowGenerator    FlagFIN current has 75 flow
2020-09-06 21:13:09 DEBUG cic.cs.unb.ca.jnetpcap.FlowGenerator    FlagFIN current has 76 flow
2020-09-06 21:13:09 DEBUG cic.cs.unb.ca.jnetpcap.FlowGenerator    FlagFIN current has 76 flow
2020-09-06 21:13:09 DEBUG cic.cs.unb.ca.jnetpcap.FlowGenerator    FlagFIN current has 75 flow
2020-09-06 21:13:09 DEBUG cic.cs.unb.ca.jnetpcap.FlowGenerator    FlagFIN current has 74 flow
2020-09-06 21:13:09 DEBUG cic.cs.unb.ca.jnetpcap.FlowGenerator    FlagFIN current has 77 flow
2020-09-06 21:13:09 DEBUG cic.cs.unb.ca.jnetpcap.FlowGenerator    FlagFIN current has 77 flow
2020-09-06 21:13:09 DEBUG cic.cs.unb.ca.jnetpcap.FlowGenerator    FlagFIN current has 77 flow
