2020-09-06 13:52:48 - Pcap is listening...
2020-09-06 13:59:10 - Pcap stop listening
2020-09-06 13:59:10 - path:/home/hubbleloo/Desktop/CICFlowMeter/data/daily/2020-09-06_Flow.csv
2020-09-06 14:06:32 - Pcap is listening...
2020-09-06 14:09:53 - Pcap is listening...
2020-09-06 14:14:56 - Pcap is listening...
2020-09-06 14:17:34 - Pcap is listening...
2020-09-06 14:17:49 - Pcap is listening...
2020-09-06 14:20:33 - Pcap is listening...
2020-09-06 14:22:47 - Pcap is listening...
2020-09-06 14:31:09 - run1
2020-09-06 14:31:09 - Pcap is listening...
2020-09-06 14:38:23 - run1
2020-09-06 14:38:23 - run
2020-09-06 14:38:23 - Pcap is listening...
2020-09-09 23:38:39 - run1
2020-09-09 23:38:39 - run
2020-09-09 23:38:40 - Pcap is listening...
2020-09-09 23:41:46 - run1
2020-09-09 23:41:46 - run
2020-09-09 23:41:46 - Pcap is listening...
2020-09-09 23:57:39 - run1
2020-09-09 23:57:39 - run
2020-09-09 23:57:40 - Pcap is listening...
2020-09-10 00:00:06 - run1
2020-09-10 00:00:06 - run
2020-09-10 00:00:06 - Pcap is listening...
2020-09-10 00:02:00 - run1
2020-09-10 00:02:00 - run
2020-09-10 00:02:00 - Pcap is listening...
2020-09-10 00:17:33 - run1
2020-09-10 00:17:33 - run
2020-09-10 00:17:33 - Pcap is listening...
2020-09-10 07:03:11 - run1
2020-09-10 07:03:11 - run
2020-09-10 07:03:11 - Pcap is listening...
